<?xml version="1.0" encoding="UTF-8"?>
<testsuite xmlns:xsi="http://www.w3.org/2001/XMLSchema-instance" xsi:noNamespaceSchemaLocation="https://maven.apache.org/surefire/maven-surefire-plugin/xsd/surefire-test-report.xsd" name="CreateCourierTest" time="7.316" tests="6" errors="1" skipped="0" failures="2">
  <properties>
[...]
</properties>
  <testcase name="courierCantBeWithoutPassword" classname="CreateCourierTest" time="5.657"/>
  <testcase name="courierCantBeWithoutFirstName" classname="CreateCourierTest" time="0.3">
    <failure message="expected:&lt;400&gt; but was:&lt;201&gt;" type="java.lang.AssertionError"><![CDATA[java.lang.AssertionError: expected:<400> but was:<201>
	at CreateCourierTest.courierCantBeWithoutFirstName(CreateCourierTest.java:101)
]]></failure>
    <system-out><![CDATA[HTTP/1.1 201 Created
Access-Control-Allow-Origin: *
Content-Length: 11
Content-Type: application/json; charset=utf-8
Date: Sat, 11 Mar 2023 08:46:13 GMT
ETag: W/"b-Ai2R8hgEarLmHKwesT1qcY913ys"
Set-Cookie: _yasc=sQ9P1YKvlO3WEaBmS8g6EncjqGXw1PbEKah6AkPnrL8Om5Xs3gmmzRhIk88=; domain=.praktikum-services.ru; path=/; expires=Tue, 08-Mar-2033 08:46:13 GMT; secure
X-Powered-By: Express
X-Request-Id: 1678524373127742-18332704883399582560

{
    "ok": true
}
HTTP/1.1 404 Not Found
Access-Control-Allow-Origin: *
Content-Length: 64
Content-Type: application/json; charset=utf-8
Date: Sat, 11 Mar 2023 08:46:13 GMT
ETag: W/"40-tLkp/o3TzLGA5pEmOZ4MEpfo3Lo"
Set-Cookie: _yasc=UicWIMo3jEm1xl73CRjvEknR+MXlAf2JINhghmKCHlOycqmlF7CIOwEDpCU=; domain=.praktikum-services.ru; path=/; expires=Tue, 08-Mar-2033 08:46:13 GMT; secure
X-Powered-By: Express
X-Request-Id: 1678524373333547-4353364780654075544

{
    "code": 404,
    "message": "Курьера с таким id нет."
}
]]></system-out>
  </testcase>
  <testcase name="courierCantBeWithoutLogin" classname="CreateCourierTest" time="0.287"/>
  <testcase name="courierCantBeWithTheSameLogin" classname="CreateCourierTest" time="0.232">
    <failure message="expected:&lt;...гин уже используется[]&gt; but was:&lt;...гин уже используется[. Попробуйте другой.]&gt;" type="org.junit.ComparisonFailure"><![CDATA[org.junit.ComparisonFailure: expected:<...гин уже используется[]> but was:<...гин уже используется[. Попробуйте другой.]>
	at CreateCourierTest.courierCantBeWithTheSameLogin(CreateCourierTest.java:115)
]]></failure>
    <system-out><![CDATA[HTTP/1.1 409 Conflict
Access-Control-Allow-Origin: *
Content-Length: 112
Content-Type: application/json; charset=utf-8
Date: Sat, 11 Mar 2023 08:46:13 GMT
ETag: W/"70-sLG1ZktNk+Ab3iaKUMwxkdL4FJo"
Set-Cookie: _yasc=ewRXY29WRjX2Sg9jcNWnuOSm/gxJfOXJ3PS7Gv1y5MOWADGXMDgWnTKG3rw=; domain=.praktikum-services.ru; path=/; expires=Tue, 08-Mar-2033 08:46:13 GMT; secure
X-Powered-By: Express
X-Request-Id: 1678524373726654-7612703342353161141

{
    "code": 409,
    "message": "Этот логин уже используется. Попробуйте другой."
}
HTTP/1.1 404 Not Found
Access-Control-Allow-Origin: *
Content-Length: 64
Content-Type: application/json; charset=utf-8
Date: Sat, 11 Mar 2023 08:46:13 GMT
ETag: W/"40-tLkp/o3TzLGA5pEmOZ4MEpfo3Lo"
Set-Cookie: _yasc=dvbIqHK1Y+Q4oYVkHiZs2ydG80rIqEZzuTaMVxFYl1QgTbod2oE2neEfSIud; domain=.praktikum-services.ru; path=/; expires=Tue, 08-Mar-2033 08:46:13 GMT; secure
X-Powered-By: Express
X-Request-Id: 1678524373871052-7255529662926883853

{
    "code": 404,
    "message": "Курьера с таким id нет."
}
]]></system-out>
  </testcase>
  <testcase name="courierCantBeTheSame" classname="CreateCourierTest" time="0.2">
    <error type="java.lang.NullPointerException">java.lang.NullPointerException
	at CreateCourierTest.courierCantBeTheSame(CreateCourierTest.java:61)
</error>
    <system-out><![CDATA[HTTP/1.1 201 Created
Access-Control-Allow-Origin: *
Content-Length: 11
Content-Type: application/json; charset=utf-8
Date: Sat, 11 Mar 2023 08:46:14 GMT
ETag: W/"b-Ai2R8hgEarLmHKwesT1qcY913ys"
Set-Cookie: _yasc=zwqKQb99mK7Sn+j8PHA1c5kIOUSKs1ibJNF0ZvW8F7sXVGxzoyiQo5ug+XUD; domain=.praktikum-services.ru; path=/; expires=Tue, 08-Mar-2033 08:46:13 GMT; secure
X-Powered-By: Express
X-Request-Id: 1678524373963798-16088263394302408565

{
    "ok": true
}
HTTP/1.1 404 Not Found
Access-Control-Allow-Origin: *
Content-Length: 64
Content-Type: application/json; charset=utf-8
Date: Sat, 11 Mar 2023 08:46:14 GMT
ETag: W/"40-tLkp/o3TzLGA5pEmOZ4MEpfo3Lo"
Set-Cookie: _yasc=T/BigpY/uOiCuC/JAhYcKxXKi5EXUszpLeWRhSTuKHKlhKcJotzGEo98/p8=; domain=.praktikum-services.ru; path=/; expires=Tue, 08-Mar-2033 08:46:14 GMT; secure
X-Powered-By: Express
X-Request-Id: 1678524374059767-7994739703654560782

{
    "code": 404,
    "message": "Курьера с таким id нет."
}
]]></system-out>
  </testcase>
  <testcase name="courierCanBeCreated" classname="CreateCourierTest" time="0.276"/>
</testsuite>